<?xml version="1.0" encoding="UTF-8"?>
<!-- Generated by org.testng.reporters.JUnitReportReporter -->
<testsuite hostname="DESKTOP-SE4DNFU" failures="0" tests="1" name="tests.TestOne" time="2.226" errors="0" timestamp="2023-10-06T15:14:33 AST" skipped="0">
  <testcase classname="tests.TestOne" name="test_1" time="2.226"/>
</testsuite> <!-- tests.TestOne -->
